e:\ivt\курс прог\1 курс прог\си program\9-10\win32project2\win32project2\debug\win32project2.pch
e:\ivt\курс прог\1 курс прог\си program\9-10\win32project2\win32project2\debug\vc141.pdb
e:\ivt\курс прог\1 курс прог\си program\9-10\win32project2\win32project2\debug\vc141.idb
e:\ivt\курс прог\1 курс прог\си program\9-10\win32project2\win32project2\debug\stdafx.obj
e:\ivt\курс прог\1 курс прог\си program\9-10\win32project2\win32project2\debug\win32project2.obj
f:\л\program\9-10\win32project2\debug\win32project2.ilk
f:\л\program\9-10\win32project2\debug\win32project2.exe
f:\л\program\9-10\win32project2\debug\win32project2.pdb
e:\ivt\курс прог\1 курс прог\си program\9-10\win32project2\debug\win32project2.ilk
e:\ivt\курс прог\1 курс прог\си program\9-10\win32project2\debug\win32project2.exe
e:\ivt\курс прог\1 курс прог\си program\9-10\win32project2\debug\win32project2.pdb
e:\ivt\курс прог\1 курс прог\си program\9-10\win32project2\win32project2\debug\win32project2.res
e:\ivt\курс прог\1 курс прог\си program\9-10\win32project2\win32project2\debug\vc140.idb
e:\ivt\курс прог\1 курс прог\си program\9-10\win32project2\win32project2\debug\vc140.pdb
e:\ivt\курс прог\1 курс прог\си program\9-10\win32project2\win32project2\debug\win32project2.tlog\cl.command.1.tlog
e:\ivt\курс прог\1 курс прог\си program\9-10\win32project2\win32project2\debug\win32project2.tlog\cl.read.1.tlog
e:\ivt\курс прог\1 курс прог\си program\9-10\win32project2\win32project2\debug\win32project2.tlog\cl.write.1.tlog
e:\ivt\курс прог\1 курс прог\си program\9-10\win32project2\win32project2\debug\win32project2.tlog\link.command.1.tlog
e:\ivt\курс прог\1 курс прог\си program\9-10\win32project2\win32project2\debug\win32project2.tlog\link.delete.1.tlog
e:\ivt\курс прог\1 курс прог\си program\9-10\win32project2\win32project2\debug\win32project2.tlog\link.read.1.tlog
e:\ivt\курс прог\1 курс прог\си program\9-10\win32project2\win32project2\debug\win32project2.tlog\link.write.1.tlog
e:\ivt\курс прог\1 курс прог\си program\9-10\win32project2\win32project2\debug\win32project2.tlog\rc.command.1.tlog
e:\ivt\курс прог\1 курс прог\си program\9-10\win32project2\win32project2\debug\win32project2.tlog\rc.read.1.tlog
e:\ivt\курс прог\1 курс прог\си program\9-10\win32project2\win32project2\debug\win32project2.tlog\rc.write.1.tlog
