e:\ivt\курс прог\1 курс прог\game си\win32project7\win32project7\debug\win32project7.pch
e:\ivt\курс прог\1 курс прог\game си\win32project7\win32project7\debug\vc141.pdb
e:\ivt\курс прог\1 курс прог\game си\win32project7\win32project7\debug\vc141.idb
e:\ivt\курс прог\1 курс прог\game си\win32project7\win32project7\debug\stdafx.obj
e:\ivt\курс прог\1 курс прог\game си\win32project7\win32project7\debug\win32project7.obj
e:\ivt\курс прог\1 курс прог\game си\win32project7\debug\win32project7.exe
e:\ivt\курс прог\1 курс прог\game си\win32project7\debug\win32project7.ilk
e:\ivt\курс прог\1 курс прог\game си\win32project7\debug\win32project7.pdb
e:\ivt\курс прог\1 курс прог\game си\win32project7\win32project7\debug\win32project7.res
e:\ivt\курс прог\1 курс прог\game си\win32project7\win32project7\debug\win32project7.obj.enc
e:\ivt\курс прог\1 курс прог\game си\win32project7\win32project7\debug\vc140.idb
e:\ivt\курс прог\1 курс прог\game си\win32project7\win32project7\debug\vc140.pdb
e:\ivt\курс прог\1 курс прог\game си\win32project7\win32project7\debug\win32project7.tlog\cl.command.1.tlog
e:\ivt\курс прог\1 курс прог\game си\win32project7\win32project7\debug\win32project7.tlog\cl.read.1.tlog
e:\ivt\курс прог\1 курс прог\game си\win32project7\win32project7\debug\win32project7.tlog\cl.write.1.tlog
e:\ivt\курс прог\1 курс прог\game си\win32project7\win32project7\debug\win32project7.tlog\link.command.1.tlog
e:\ivt\курс прог\1 курс прог\game си\win32project7\win32project7\debug\win32project7.tlog\link.delete.1.tlog
e:\ivt\курс прог\1 курс прог\game си\win32project7\win32project7\debug\win32project7.tlog\link.read.1.tlog
e:\ivt\курс прог\1 курс прог\game си\win32project7\win32project7\debug\win32project7.tlog\link.write.1.tlog
e:\ivt\курс прог\1 курс прог\game си\win32project7\win32project7\debug\win32project7.tlog\rc.command.1.tlog
e:\ivt\курс прог\1 курс прог\game си\win32project7\win32project7\debug\win32project7.tlog\rc.read.1.tlog
e:\ivt\курс прог\1 курс прог\game си\win32project7\win32project7\debug\win32project7.tlog\rc.write.1.tlog
