c:\users\pavelpicasso\documents\visual studio 2015\projects\win32project4\win32project4\debug\win32project4.pch.codeanalysis
c:\users\pavelpicasso\documents\visual studio 2015\projects\win32project4\win32project4\debug\vc140.pdb
c:\users\pavelpicasso\documents\visual studio 2015\projects\win32project4\win32project4\debug\vc140.idb
c:\users\pavelpicasso\documents\visual studio 2015\projects\win32project4\win32project4\debug\win32project4.pch.codeanalysisast
c:\users\pavelpicasso\documents\visual studio 2015\projects\win32project4\win32project4\debug\stdafx.nativecodeanalysis.xml
c:\users\pavelpicasso\documents\visual studio 2015\projects\win32project4\win32project4\debug\stdafx.obj
c:\users\pavelpicasso\documents\visual studio 2015\projects\win32project4\win32project4\debug\win32project4.pch
c:\users\pavelpicasso\documents\visual studio 2015\projects\win32project4\win32project4\debug\win32project4.nativecodeanalysis.xml
c:\users\pavelpicasso\documents\visual studio 2015\projects\win32project4\win32project4\debug\win32project4.obj
c:\users\pavelpicasso\documents\visual studio 2015\projects\win32project4\debug\win32project4.ilk
c:\users\pavelpicasso\documents\visual studio 2015\projects\win32project4\debug\win32project4.exe
c:\users\pavelpicasso\documents\visual studio 2015\projects\win32project4\debug\win32project4.pdb
c:\users\pavelpicasso\documents\visual studio 2015\projects\win32project4\win32project4\debug\win32project4.res
c:\users\pavelpicasso\documents\visual studio 2015\projects\win32project4\win32project4\debug\nativecodeanalysis.read.1.tlog
c:\users\pavelpicasso\documents\visual studio 2015\projects\win32project4\win32project4\debug\vc.nativecodeanalysis.all.xml
c:\users\pavelpicasso\documents\visual studio 2015\projects\win32project4\debug\win32project4.exe.lastcodeanalysissucceeded
c:\users\pavelpicasso\documents\visual studio 2015\projects\win32project4\win32project4\debug\win32project4.tlog\cl.command.1.tlog
c:\users\pavelpicasso\documents\visual studio 2015\projects\win32project4\win32project4\debug\win32project4.tlog\cl.read.1.tlog
c:\users\pavelpicasso\documents\visual studio 2015\projects\win32project4\win32project4\debug\win32project4.tlog\cl.write.1.tlog
c:\users\pavelpicasso\documents\visual studio 2015\projects\win32project4\win32project4\debug\win32project4.tlog\link.command.1.tlog
c:\users\pavelpicasso\documents\visual studio 2015\projects\win32project4\win32project4\debug\win32project4.tlog\link.read.1.tlog
c:\users\pavelpicasso\documents\visual studio 2015\projects\win32project4\win32project4\debug\win32project4.tlog\link.write.1.tlog
c:\users\pavelpicasso\documents\visual studio 2015\projects\win32project4\win32project4\debug\win32project4.tlog\rc.command.1.tlog
c:\users\pavelpicasso\documents\visual studio 2015\projects\win32project4\win32project4\debug\win32project4.tlog\rc.read.1.tlog
c:\users\pavelpicasso\documents\visual studio 2015\projects\win32project4\win32project4\debug\win32project4.tlog\rc.write.1.tlog
